[   82390ms] [WARNING] WebSocket connection to 'wss://jpktswxqeanamkymqwjg.supabase.co/realtime/v1/websocket?apikey=sb_publishable_yyjD1LWDxtPTuI-G62dlwg_6wAUVmJU&vsn=2.0.0' failed: WebSocket is closed before the connection is established. @ http://localhost:3000/_next/static/chunks/node_modules_f55acc97._.js:4001
[  100717ms] [WARNING] WebSocket connection to 'wss://jpktswxqeanamkymqwjg.supabase.co/realtime/v1/websocket?apikey=sb_publishable_yyjD1LWDxtPTuI-G62dlwg_6wAUVmJU&vsn=2.0.0' failed: WebSocket is closed before the connection is established. @ http://localhost:3000/_next/static/chunks/node_modules_f55acc97._.js:4001
[  234798ms] [ERROR] Failed to load resource: the server responded with a status of 404 (Not Found) @ http://localhost:3000/admin/change-me-in-production?_rsc=18ox5:0
[  236333ms] [ERROR] A tree hydrated but some attributes of the server rendered HTML didn't match the client properties. This won't be patched up. This can happen if a SSR-ed Client Component used:

- A server/client branch `if (typeof window !== 'undefined')`.
- Variable input such as `Date.now()` or `Math.random()` which changes each time it's called.
- Date formatting in a user's locale which doesn't match the server.
- External changing data without sending a snapshot of it along with the HTML.
- Invalid HTML tag nesting.

It can also happen if the client has a browser extension installed which messes with the HTML before React loaded.

%s%s https://react.dev/link/hydration-mismatch 

  ...
    <InnerLayoutRouter url="/admin/cha..." tree={[...]} params={{key:"chang..."}} cacheNode={{rsc:<Fragment>, ...}} ...>
      <SegmentViewNode type="page" pagePath="admin/[key...">
        <SegmentTrieNode>
        <AdminPage>
          <div className="container ...">
            <h1>
            <p>
            <Tabs defaultValue="orders" className="mt-8">
              <Tabs data-slot="tabs" data-orientation="horizontal" orientation="horizontal" className="group/tabs..." ...>
                <TabsProvider scope={undefined} baseId="radix-_R_9..." value="orders" ...>
                  <Primitive.div dir="ltr" data-orientation="horizontal" data-slot="tabs" className="group/tabs..." ...>
                    <div dir="ltr" data-orientation="horizontal" data-slot="tabs" className="group/tabs..." ref={null}>
                      ...
                        <div role="tablist" aria-orientation="horizontal" data-slot="tabs-list" data-variant="default" ...>
                          ...
                            <Primitive.span.Slot tabIndex={-1} data-orientation="horizontal" ...>
                              <Primitive.span.SlotClone tabIndex={-1} data-orientation="horizontal" ...>
                                <Primitive.button type="button" role="tab" aria-selected={true} ...>
                                  <button
                                    type="button"
                                    role="tab"
                                    aria-selected={true}
+                                   aria-controls="radix-_R_9bn9esnelb_-content-orders"
-                                   aria-controls="radix-_R_1pbn9esnelb_-content-orders"
                                    data-state="active"
                                    data-disabled={undefined}
                                    disabled={false}
+                                   id="radix-_R_9bn9esnelb_-trigger-orders"
-                                   id="radix-_R_1pbn9esnelb_-trigger-orders"
                                    data-slot="tabs-trigger"
                                    className={"focus-visible:border-ring focus-visible:ring-ring/50 focus-visible:ou..."}
                                    onMouseDown={function}
                                    onKeyDown={function}
                                    onFocus={function}
                                    tabIndex={-1}
                                    data-orientation="horizontal"
                                    data-radix-collection-item=""
                                    ref={function}
                                  >
+                                   Замовлення
                          ...
                            <Primitive.span.Slot tabIndex={-1} data-orientation="horizontal" ...>
                              <Primitive.span.SlotClone tabIndex={-1} data-orientation="horizontal" ...>
                                <Primitive.button type="button" role="tab" aria-selected={false} ...>
                                  <button
                                    type="button"
                                    role="tab"
                                    aria-selected={false}
+                                   aria-controls="radix-_R_9bn9esnelb_-content-varieties"
-                                   aria-controls="radix-_R_1pbn9esnelb_-content-varieties"
                                    data-state="inactive"
                                    data-disabled={undefined}
                                    disabled={false}
+                                   id="radix-_R_9bn9esnelb_-trigger-varieties"
-                                   id="radix-_R_1pbn9esnelb_-trigger-varieties"
                                    data-slot="tabs-trigger"
                                    className={"focus-visible:border-ring focus-visible:ring-ring/50 focus-visible:ou..."}
                                    onMouseDown={function}
                                    onKeyDown={function}
                                    onFocus={function}
                                    tabIndex={-1}
                                    data-orientation="horizontal"
                                    data-radix-collection-item=""
                                    ref={function}
                                  >
+                                   Сорти
                      <TabsContent value="orders" className="mt-6">
                        <TabsContent data-slot="tabs-content" className="flex-1 out..." value="orders">
                          <Presence present={true}>
                            <Primitive.div data-state="active" data-orientation="horizontal" role="tabpanel" ...>
                              <div
                                data-state="active"
                                data-orientation="horizontal"
                                role="tabpanel"
+                               aria-labelledby="radix-_R_9bn9esnelb_-trigger-orders"
-                               aria-labelledby="radix-_R_1pbn9esnelb_-trigger-orders"
                                hidden={false}
+                               id="radix-_R_9bn9esnelb_-content-orders"
-                               id="radix-_R_1pbn9esnelb_-content-orders"
                                tabIndex={0}
                                data-slot="tabs-content"
                                className="flex-1 outline-none mt-6"
                                style={{animationDuration:"0s"}}
                                ref={function}
                              >
                                ...
                                  <Primitive.div.Slot ref={function}>
                                    <Primitive.div.SlotClone ref={function}>
                                      <Primitive.button type="button" role="combobox" aria-controls="radix-_R_8..." ...>
                                        <button
                                          type="button"
                                          role="combobox"
+                                         aria-controls="radix-_R_8qpbn9esnelb_"
-                                         aria-controls="radix-_R_13bpbn9esnelb_"
                                          aria-expanded={false}
                                          aria-required={undefined}
                                          aria-autocomplete="none"
                                          dir="ltr"
                                          data-state="closed"
                                          disabled={false}
                                          data-disabled={undefined}
                                          data-placeholder={undefined}
                                          data-slot="select-trigger"
                                          data-size="default"
                                          className={"border-input data-[placeholder]:text-muted-foreground [&_svg:no..."}
                                          onClick={function handleEvent}
                                          onPointerDown={function handleEvent}
                                          onKeyDown={function handleEvent}
                                          ref={function}
                                        >
                      <TabsContent value="varieties" className="mt-6">
                        <TabsContent data-slot="tabs-content" className="flex-1 out..." value="varieties">
                          <Presence present={false}>
                            <Primitive.div data-state="inactive" data-orientation="horizontal" role="tabpanel" ...>
                              <div
                                data-state="inactive"
                                data-orientation="horizontal"
                                role="tabpanel"
+                               aria-labelledby="radix-_R_9bn9esnelb_-trigger-varieties"
-                               aria-labelledby="radix-_R_1pbn9esnelb_-trigger-varieties"
                                hidden={true}
+                               id="radix-_R_9bn9esnelb_-content-varieties"
-                               id="radix-_R_1pbn9esnelb_-content-varieties"
                                tabIndex={0}
                                data-slot="tabs-content"
                                className="flex-1 outline-none mt-6"
                                style={{animationDuration:undefined}}
                                ref={function}
                              >
      ...
 @ http://localhost:3000/_next/static/chunks/node_modules_next_dist_f3530cac._.js:3127
[  239472ms] [ERROR] Failed to load resource: the server responded with a status of 404 (Not Found) @ http://localhost:3000/admin/change-me-in-production?_rsc=18ox5:0
[  254451ms] [ERROR] WebSocket connection to 'ws://localhost:3000/_next/webpack-hmr?id=p_QqaF_OI4g3OiumywSSm' failed: Error in connection establishment: net::ERR_CONNECTION_REFUSED @ http://localhost:3000/_next/static/chunks/node_modules_next_dist_client_17643121._.js:10878
[  258478ms] [ERROR] WebSocket connection to 'ws://localhost:3000/_next/webpack-hmr?id=p_QqaF_OI4g3OiumywSSm' failed: Error in connection establishment: net::ERR_CONNECTION_REFUSED @ http://localhost:3000/_next/static/chunks/node_modules_next_dist_client_17643121._.js:10878
[  262503ms] [ERROR] WebSocket connection to 'ws://localhost:3000/_next/webpack-hmr?id=p_QqaF_OI4g3OiumywSSm' failed: Error in connection establishment: net::ERR_CONNECTION_REFUSED @ http://localhost:3000/_next/static/chunks/node_modules_next_dist_client_17643121._.js:10878
[  266530ms] [ERROR] WebSocket connection to 'ws://localhost:3000/_next/webpack-hmr?id=p_QqaF_OI4g3OiumywSSm' failed: Error in connection establishment: net::ERR_CONNECTION_REFUSED @ http://localhost:3000/_next/static/chunks/node_modules_next_dist_client_17643121._.js:10878
[  270558ms] [ERROR] WebSocket connection to 'ws://localhost:3000/_next/webpack-hmr?id=p_QqaF_OI4g3OiumywSSm' failed: Error in connection establishment: net::ERR_CONNECTION_REFUSED @ http://localhost:3000/_next/static/chunks/node_modules_next_dist_client_17643121._.js:10878
[  277872ms] [ERROR] WebSocket connection to 'ws://localhost:3000/_next/webpack-hmr?id=p_QqaF_OI4g3OiumywSSm' failed: Error in connection establishment: net::ERR_CONNECTION_REFUSED @ http://localhost:3000/_next/static/chunks/node_modules_next_dist_client_17643121._.js:10878
[  285179ms] [ERROR] WebSocket connection to 'ws://localhost:3000/_next/webpack-hmr?id=p_QqaF_OI4g3OiumywSSm' failed: Error in connection establishment: net::ERR_CONNECTION_REFUSED @ http://localhost:3000/_next/static/chunks/node_modules_next_dist_client_17643121._.js:10878
[  292482ms] [ERROR] WebSocket connection to 'ws://localhost:3000/_next/webpack-hmr?id=p_QqaF_OI4g3OiumywSSm' failed: Error in connection establishment: net::ERR_CONNECTION_REFUSED @ http://localhost:3000/_next/static/chunks/node_modules_next_dist_client_17643121._.js:10878
[  299789ms] [ERROR] WebSocket connection to 'ws://localhost:3000/_next/webpack-hmr?id=p_QqaF_OI4g3OiumywSSm' failed: Error in connection establishment: net::ERR_CONNECTION_REFUSED @ http://localhost:3000/_next/static/chunks/node_modules_next_dist_client_17643121._.js:10878
[  307095ms] [ERROR] WebSocket connection to 'ws://localhost:3000/_next/webpack-hmr?id=p_QqaF_OI4g3OiumywSSm' failed: Error in connection establishment: net::ERR_CONNECTION_REFUSED @ http://localhost:3000/_next/static/chunks/node_modules_next_dist_client_17643121._.js:10878
[  314399ms] [ERROR] WebSocket connection to 'ws://localhost:3000/_next/webpack-hmr?id=p_QqaF_OI4g3OiumywSSm' failed: Error in connection establishment: net::ERR_CONNECTION_REFUSED @ http://localhost:3000/_next/static/chunks/node_modules_next_dist_client_17643121._.js:10878
[  321704ms] [ERROR] WebSocket connection to 'ws://localhost:3000/_next/webpack-hmr?id=p_QqaF_OI4g3OiumywSSm' failed: Error in connection establishment: net::ERR_CONNECTION_REFUSED @ http://localhost:3000/_next/static/chunks/node_modules_next_dist_client_17643121._.js:10878
