[  126899ms] [ERROR] Failed to load resource: the server responded with a status of 404 (Not Found) @ http://localhost:3000/zamovlennya?variety=e57b77aa-573c-454b-b4d3-932c23b6de4a&_rsc=numz6:0
[  148579ms] [ERROR] WebSocket connection to 'ws://localhost:3000/_next/webpack-hmr?id=OU3lCD8wAci3vkz-ECJho' failed: Error in connection establishment: net::ERR_CONNECTION_REFUSED @ http://localhost:3000/_next/static/chunks/node_modules_next_dist_client_17643121._.js:10878
[  152606ms] [ERROR] WebSocket connection to 'ws://localhost:3000/_next/webpack-hmr?id=OU3lCD8wAci3vkz-ECJho' failed: Error in connection establishment: net::ERR_CONNECTION_REFUSED @ http://localhost:3000/_next/static/chunks/node_modules_next_dist_client_17643121._.js:10878
[  156631ms] [ERROR] WebSocket connection to 'ws://localhost:3000/_next/webpack-hmr?id=OU3lCD8wAci3vkz-ECJho' failed: Error in connection establishment: net::ERR_CONNECTION_REFUSED @ http://localhost:3000/_next/static/chunks/node_modules_next_dist_client_17643121._.js:10878
[  160659ms] [ERROR] WebSocket connection to 'ws://localhost:3000/_next/webpack-hmr?id=OU3lCD8wAci3vkz-ECJho' failed: Error in connection establishment: net::ERR_CONNECTION_REFUSED @ http://localhost:3000/_next/static/chunks/node_modules_next_dist_client_17643121._.js:10878
[  164684ms] [ERROR] WebSocket connection to 'ws://localhost:3000/_next/webpack-hmr?id=OU3lCD8wAci3vkz-ECJho' failed: Error in connection establishment: net::ERR_CONNECTION_REFUSED @ http://localhost:3000/_next/static/chunks/node_modules_next_dist_client_17643121._.js:10878
[  171999ms] [ERROR] WebSocket connection to 'ws://localhost:3000/_next/webpack-hmr?id=OU3lCD8wAci3vkz-ECJho' failed: Error in connection establishment: net::ERR_CONNECTION_REFUSED @ http://localhost:3000/_next/static/chunks/node_modules_next_dist_client_17643121._.js:10878
[  179306ms] [ERROR] WebSocket connection to 'ws://localhost:3000/_next/webpack-hmr?id=OU3lCD8wAci3vkz-ECJho' failed: Error in connection establishment: net::ERR_CONNECTION_REFUSED @ http://localhost:3000/_next/static/chunks/node_modules_next_dist_client_17643121._.js:10878
[  186611ms] [ERROR] WebSocket connection to 'ws://localhost:3000/_next/webpack-hmr?id=OU3lCD8wAci3vkz-ECJho' failed: Error in connection establishment: net::ERR_CONNECTION_REFUSED @ http://localhost:3000/_next/static/chunks/node_modules_next_dist_client_17643121._.js:10878
[  193926ms] [ERROR] WebSocket connection to 'ws://localhost:3000/_next/webpack-hmr?id=OU3lCD8wAci3vkz-ECJho' failed: Error in connection establishment: net::ERR_CONNECTION_REFUSED @ http://localhost:3000/_next/static/chunks/node_modules_next_dist_client_17643121._.js:10878
[  201230ms] [ERROR] WebSocket connection to 'ws://localhost:3000/_next/webpack-hmr?id=OU3lCD8wAci3vkz-ECJho' failed: Error in connection establishment: net::ERR_CONNECTION_REFUSED @ http://localhost:3000/_next/static/chunks/node_modules_next_dist_client_17643121._.js:10878
[  208536ms] [ERROR] WebSocket connection to 'ws://localhost:3000/_next/webpack-hmr?id=OU3lCD8wAci3vkz-ECJho' failed: Error in connection establishment: net::ERR_CONNECTION_REFUSED @ http://localhost:3000/_next/static/chunks/node_modules_next_dist_client_17643121._.js:10878
[  215843ms] [ERROR] WebSocket connection to 'ws://localhost:3000/_next/webpack-hmr?id=OU3lCD8wAci3vkz-ECJho' failed: Error in connection establishment: net::ERR_CONNECTION_REFUSED @ http://localhost:3000/_next/static/chunks/node_modules_next_dist_client_17643121._.js:10878
[ 6630691ms] [ERROR] Failed to load resource: the server responded with a status of 404 (Not Found) @ http://localhost:3000/zamovlennya?variety=e57b77aa-573c-454b-b4d3-932c23b6de4a:0
[ 7209226ms] [ERROR] Failed to load resource: the server responded with a status of 404 (Not Found) @ http://localhost:3000/zamovlennya?variety=e57b77aa-573c-454b-b4d3-932c23b6de4a&_rsc=674bp:0
[ 7209399ms] [ERROR] Failed to load resource: the server responded with a status of 404 (Not Found) @ http://localhost:3000/zamovlennya?variety=e57b77aa-573c-454b-b4d3-932c23b6de4a:0
[ 7257073ms] [ERROR] WebSocket connection to 'ws://localhost:3000/_next/webpack-hmr?id=bSUrkqubqPKYasYJgZexl' failed: Error in connection establishment: net::ERR_CONNECTION_REFUSED @ http://localhost:3000/_next/static/chunks/node_modules_next_dist_client_17643121._.js:10878
[ 7260377ms] [ERROR] WebSocket connection to 'ws://localhost:3000/_next/webpack-hmr?id=bSUrkqubqPKYasYJgZexl' failed: Error in connection establishment: net::ERR_CONNECTION_REFUSED @ http://localhost:3000/_next/static/chunks/node_modules_next_dist_client_17643121._.js:10878
[ 7263682ms] [ERROR] WebSocket connection to 'ws://localhost:3000/_next/webpack-hmr?id=bSUrkqubqPKYasYJgZexl' failed: Error in connection establishment: net::ERR_CONNECTION_REFUSED @ http://localhost:3000/_next/static/chunks/node_modules_next_dist_client_17643121._.js:10878
[ 7266987ms] [ERROR] WebSocket connection to 'ws://localhost:3000/_next/webpack-hmr?id=bSUrkqubqPKYasYJgZexl' failed: Error in connection establishment: net::ERR_CONNECTION_REFUSED @ http://localhost:3000/_next/static/chunks/node_modules_next_dist_client_17643121._.js:10878
[ 7270291ms] [ERROR] WebSocket connection to 'ws://localhost:3000/_next/webpack-hmr?id=bSUrkqubqPKYasYJgZexl' failed: Error in connection establishment: net::ERR_CONNECTION_REFUSED @ http://localhost:3000/_next/static/chunks/node_modules_next_dist_client_17643121._.js:10878
[ 7277597ms] [ERROR] WebSocket connection to 'ws://localhost:3000/_next/webpack-hmr?id=bSUrkqubqPKYasYJgZexl' failed: Error in connection establishment: net::ERR_CONNECTION_REFUSED @ http://localhost:3000/_next/static/chunks/node_modules_next_dist_client_17643121._.js:10878
[ 7284901ms] [ERROR] WebSocket connection to 'ws://localhost:3000/_next/webpack-hmr?id=bSUrkqubqPKYasYJgZexl' failed: Error in connection establishment: net::ERR_CONNECTION_REFUSED @ http://localhost:3000/_next/static/chunks/node_modules_next_dist_client_17643121._.js:10878
[ 7292207ms] [ERROR] WebSocket connection to 'ws://localhost:3000/_next/webpack-hmr?id=bSUrkqubqPKYasYJgZexl' failed: Error in connection establishment: net::ERR_CONNECTION_REFUSED @ http://localhost:3000/_next/static/chunks/node_modules_next_dist_client_17643121._.js:10878
[ 7299514ms] [ERROR] WebSocket connection to 'ws://localhost:3000/_next/webpack-hmr?id=bSUrkqubqPKYasYJgZexl' failed: Error in connection establishment: net::ERR_CONNECTION_REFUSED @ http://localhost:3000/_next/static/chunks/node_modules_next_dist_client_17643121._.js:10878
[ 7306817ms] [ERROR] WebSocket connection to 'ws://localhost:3000/_next/webpack-hmr?id=bSUrkqubqPKYasYJgZexl' failed: Error in connection establishment: net::ERR_CONNECTION_REFUSED @ http://localhost:3000/_next/static/chunks/node_modules_next_dist_client_17643121._.js:10878
[ 7314122ms] [ERROR] WebSocket connection to 'ws://localhost:3000/_next/webpack-hmr?id=bSUrkqubqPKYasYJgZexl' failed: Error in connection establishment: net::ERR_CONNECTION_REFUSED @ http://localhost:3000/_next/static/chunks/node_modules_next_dist_client_17643121._.js:10878
[ 7321431ms] [ERROR] WebSocket connection to 'ws://localhost:3000/_next/webpack-hmr?id=bSUrkqubqPKYasYJgZexl' failed: Error in connection establishment: net::ERR_CONNECTION_REFUSED @ http://localhost:3000/_next/static/chunks/node_modules_next_dist_client_17643121._.js:10878
[ 7729077ms] [ERROR] Failed to load resource: the server responded with a status of 404 (Not Found) @ http://localhost:3000/zamovlennya?variety=e57b77aa-573c-454b-b4d3-932c23b6de4a:0
[ 8085531ms] [ERROR] Failed to load resource: the server responded with a status of 404 (Not Found) @ http://localhost:3000/zamovlennya?variety=e57b77aa-573c-454b-b4d3-932c23b6de4a&_rsc=674bp:0
[ 8085558ms] [ERROR] Failed to load resource: the server responded with a status of 404 (Not Found) @ http://localhost:3000/zamovlennya?variety=e57b77aa-573c-454b-b4d3-932c23b6de4a&_rsc=674bp:0
[ 8085760ms] [ERROR] Failed to load resource: the server responded with a status of 404 (Not Found) @ http://localhost:3000/zamovlennya?variety=e57b77aa-573c-454b-b4d3-932c23b6de4a:0
[ 8094706ms] [ERROR] Failed to load resource: the server responded with a status of 404 (Not Found) @ http://localhost:3000/zamovlennya?variety=e57b77aa-573c-454b-b4d3-932c23b6de4a&_rsc=674bp:0
[ 8094766ms] [ERROR] Failed to load resource: the server responded with a status of 404 (Not Found) @ http://localhost:3000/zamovlennya?variety=e57b77aa-573c-454b-b4d3-932c23b6de4a:0
[ 8324464ms] [ERROR] Failed to load resource: the server responded with a status of 404 (Not Found) @ http://localhost:3000/zamovlennya?variety=e57b77aa-573c-454b-b4d3-932c23b6de4a&_rsc=674bp:0
[ 8324487ms] [ERROR] Failed to load resource: the server responded with a status of 404 (Not Found) @ http://localhost:3000/zamovlennya?variety=e57b77aa-573c-454b-b4d3-932c23b6de4a&_rsc=674bp:0
[ 8324540ms] [ERROR] Failed to load resource: the server responded with a status of 404 (Not Found) @ http://localhost:3000/zamovlennya?variety=e57b77aa-573c-454b-b4d3-932c23b6de4a:0
[ 8328152ms] [ERROR] Failed to load resource: the server responded with a status of 404 (Not Found) @ http://localhost:3000/zamovlennya?variety=e57b77aa-573c-454b-b4d3-932c23b6de4a&_rsc=674bp:0
[ 8328201ms] [ERROR] Failed to load resource: the server responded with a status of 404 (Not Found) @ http://localhost:3000/zamovlennya?variety=e57b77aa-573c-454b-b4d3-932c23b6de4a:0
[ 8329216ms] [ERROR] Failed to load resource: the server responded with a status of 404 (Not Found) @ http://localhost:3000/zamovlennya?variety=e57b77aa-573c-454b-b4d3-932c23b6de4a&_rsc=674bp:0
[ 8329265ms] [ERROR] Failed to load resource: the server responded with a status of 404 (Not Found) @ http://localhost:3000/zamovlennya?variety=e57b77aa-573c-454b-b4d3-932c23b6de4a:0
[ 8329940ms] [ERROR] Failed to load resource: the server responded with a status of 404 (Not Found) @ http://localhost:3000/zamovlennya?variety=e57b77aa-573c-454b-b4d3-932c23b6de4a&_rsc=674bp:0
[ 8329971ms] [ERROR] Failed to load resource: the server responded with a status of 404 (Not Found) @ http://localhost:3000/zamovlennya?variety=e57b77aa-573c-454b-b4d3-932c23b6de4a:0
[ 8330675ms] [ERROR] Failed to load resource: the server responded with a status of 404 (Not Found) @ http://localhost:3000/zamovlennya?variety=e57b77aa-573c-454b-b4d3-932c23b6de4a&_rsc=674bp:0
[ 8330706ms] [ERROR] Failed to load resource: the server responded with a status of 404 (Not Found) @ http://localhost:3000/zamovlennya?variety=e57b77aa-573c-454b-b4d3-932c23b6de4a:0
[ 8331861ms] [ERROR] Failed to load resource: the server responded with a status of 404 (Not Found) @ http://localhost:3000/zamovlennya?variety=e57b77aa-573c-454b-b4d3-932c23b6de4a&_rsc=674bp:0
[ 8331928ms] [ERROR] Failed to load resource: the server responded with a status of 404 (Not Found) @ http://localhost:3000/zamovlennya?variety=e57b77aa-573c-454b-b4d3-932c23b6de4a:0
[ 8334175ms] [ERROR] Failed to load resource: the server responded with a status of 404 (Not Found) @ http://localhost:3000/zamovlennya?variety=e57b77aa-573c-454b-b4d3-932c23b6de4a&_rsc=674bp:0
[ 8334222ms] [ERROR] Failed to load resource: the server responded with a status of 404 (Not Found) @ http://localhost:3000/zamovlennya?variety=e57b77aa-573c-454b-b4d3-932c23b6de4a:0
[ 8334865ms] [ERROR] Failed to load resource: the server responded with a status of 404 (Not Found) @ http://localhost:3000/zamovlennya?variety=e57b77aa-573c-454b-b4d3-932c23b6de4a&_rsc=674bp:0
[ 8334914ms] [ERROR] Failed to load resource: the server responded with a status of 404 (Not Found) @ http://localhost:3000/zamovlennya?variety=e57b77aa-573c-454b-b4d3-932c23b6de4a:0
[ 8335516ms] [ERROR] Failed to load resource: the server responded with a status of 404 (Not Found) @ http://localhost:3000/zamovlennya?variety=e57b77aa-573c-454b-b4d3-932c23b6de4a&_rsc=674bp:0
[ 8335545ms] [ERROR] Failed to load resource: the server responded with a status of 404 (Not Found) @ http://localhost:3000/zamovlennya?variety=e57b77aa-573c-454b-b4d3-932c23b6de4a:0
[ 8336120ms] [ERROR] Failed to load resource: the server responded with a status of 404 (Not Found) @ http://localhost:3000/zamovlennya?variety=e57b77aa-573c-454b-b4d3-932c23b6de4a&_rsc=674bp:0
[ 8336150ms] [ERROR] Failed to load resource: the server responded with a status of 404 (Not Found) @ http://localhost:3000/zamovlennya?variety=e57b77aa-573c-454b-b4d3-932c23b6de4a:0
[ 8419845ms] [ERROR] WebSocket connection to 'ws://localhost:3000/_next/webpack-hmr?id=i-jSe3gRZDGO3VuEjRJ5B' failed: Error in connection establishment: net::ERR_CONNECTION_REFUSED @ http://localhost:3000/_next/static/chunks/node_modules_next_dist_client_17643121._.js:10878
[ 8423150ms] [ERROR] WebSocket connection to 'ws://localhost:3000/_next/webpack-hmr?id=i-jSe3gRZDGO3VuEjRJ5B' failed: Error in connection establishment: net::ERR_CONNECTION_REFUSED @ http://localhost:3000/_next/static/chunks/node_modules_next_dist_client_17643121._.js:10878
[ 8426453ms] [ERROR] WebSocket connection to 'ws://localhost:3000/_next/webpack-hmr?id=i-jSe3gRZDGO3VuEjRJ5B' failed: Error in connection establishment: net::ERR_CONNECTION_REFUSED @ http://localhost:3000/_next/static/chunks/node_modules_next_dist_client_17643121._.js:10878
[ 8429758ms] [ERROR] WebSocket connection to 'ws://localhost:3000/_next/webpack-hmr?id=i-jSe3gRZDGO3VuEjRJ5B' failed: Error in connection establishment: net::ERR_CONNECTION_REFUSED @ http://localhost:3000/_next/static/chunks/node_modules_next_dist_client_17643121._.js:10878
[ 8433062ms] [ERROR] WebSocket connection to 'ws://localhost:3000/_next/webpack-hmr?id=i-jSe3gRZDGO3VuEjRJ5B' failed: Error in connection establishment: net::ERR_CONNECTION_REFUSED @ http://localhost:3000/_next/static/chunks/node_modules_next_dist_client_17643121._.js:10878
[ 8440368ms] [ERROR] WebSocket connection to 'ws://localhost:3000/_next/webpack-hmr?id=i-jSe3gRZDGO3VuEjRJ5B' failed: Error in connection establishment: net::ERR_CONNECTION_REFUSED @ http://localhost:3000/_next/static/chunks/node_modules_next_dist_client_17643121._.js:10878
[ 8447672ms] [ERROR] WebSocket connection to 'ws://localhost:3000/_next/webpack-hmr?id=i-jSe3gRZDGO3VuEjRJ5B' failed: Error in connection establishment: net::ERR_CONNECTION_REFUSED @ http://localhost:3000/_next/static/chunks/node_modules_next_dist_client_17643121._.js:10878
[ 8454977ms] [ERROR] WebSocket connection to 'ws://localhost:3000/_next/webpack-hmr?id=i-jSe3gRZDGO3VuEjRJ5B' failed: Error in connection establishment: net::ERR_CONNECTION_REFUSED @ http://localhost:3000/_next/static/chunks/node_modules_next_dist_client_17643121._.js:10878
[ 8462281ms] [ERROR] WebSocket connection to 'ws://localhost:3000/_next/webpack-hmr?id=i-jSe3gRZDGO3VuEjRJ5B' failed: Error in connection establishment: net::ERR_CONNECTION_REFUSED @ http://localhost:3000/_next/static/chunks/node_modules_next_dist_client_17643121._.js:10878
[ 8469586ms] [ERROR] WebSocket connection to 'ws://localhost:3000/_next/webpack-hmr?id=i-jSe3gRZDGO3VuEjRJ5B' failed: Error in connection establishment: net::ERR_CONNECTION_REFUSED @ http://localhost:3000/_next/static/chunks/node_modules_next_dist_client_17643121._.js:10878
[ 8476892ms] [ERROR] WebSocket connection to 'ws://localhost:3000/_next/webpack-hmr?id=i-jSe3gRZDGO3VuEjRJ5B' failed: Error in connection establishment: net::ERR_CONNECTION_REFUSED @ http://localhost:3000/_next/static/chunks/node_modules_next_dist_client_17643121._.js:10878
[ 8484196ms] [ERROR] WebSocket connection to 'ws://localhost:3000/_next/webpack-hmr?id=i-jSe3gRZDGO3VuEjRJ5B' failed: Error in connection establishment: net::ERR_CONNECTION_REFUSED @ http://localhost:3000/_next/static/chunks/node_modules_next_dist_client_17643121._.js:10878
